  Animation.cpp
C:\Users\nongn\source\repos\newSFML\SFML_104\Animation.h(2,10): fatal error C1083: Cannot open include file: 'SFML/Graphics.hpp': No such file or directory
  Bullet.cpp
C:\Users\nongn\source\repos\newSFML\SFML_104\Bullet.h(2,10): fatal error C1083: Cannot open include file: 'SFML/Graphics.hpp': No such file or directory
  bulletEnemy.cpp
C:\Users\nongn\source\repos\newSFML\SFML_104\bulletEnemy.h(2,10): fatal error C1083: Cannot open include file: 'SFML/Graphics.hpp': No such file or directory
  Collider.cpp
C:\Users\nongn\source\repos\newSFML\SFML_104\Collider.h(2,10): fatal error C1083: Cannot open include file: 'SFML/Graphics.hpp': No such file or directory
  Enemy.cpp
C:\Users\nongn\source\repos\newSFML\SFML_104\Enemy.h(2,10): fatal error C1083: Cannot open include file: 'SFML/Graphics.hpp': No such file or directory
  Highscore.cpp
C:\Users\nongn\source\repos\newSFML\SFML_104\Highscore.h(3,10): fatal error C1083: Cannot open include file: 'SFML/Graphics.hpp': No such file or directory
  HitboxComponent.cpp
C:\Users\nongn\source\repos\newSFML\SFML_104\HitboxComponent.h(2,10): fatal error C1083: Cannot open include file: 'SFML/Graphics.hpp': No such file or directory
  main.cpp
C:\Users\nongn\source\repos\newSFML\SFML_104\main.cpp(4,10): fatal error C1083: Cannot open include file: 'SFML/Graphics.hpp': No such file or directory
  menu.cpp
C:\Users\nongn\source\repos\newSFML\SFML_104\menu.h(2,10): fatal error C1083: Cannot open include file: 'sfml/Graphics.hpp': No such file or directory
  Pause.cpp
C:\Users\nongn\source\repos\newSFML\SFML_104\Pause.h(2,10): fatal error C1083: Cannot open include file: 'SFML/Graphics.hpp': No such file or directory
  PLatform.cpp
C:\Users\nongn\source\repos\newSFML\SFML_104\PLatform.h(2,10): fatal error C1083: Cannot open include file: 'SFML/Graphics.hpp': No such file or directory
  Player.cpp
C:\Users\nongn\source\repos\newSFML\SFML_104\Player.h(2,10): fatal error C1083: Cannot open include file: 'SFML/Graphics.hpp': No such file or directory
  Generating Code...
